villive_configuration/app/build/intermediates/manifest_merge_blame_file/debug/manifest-merger-blame-debug-report.txt
1<?xml version="1.0" encoding="utf-8"?>
2<manifest xmlns:android="http://schemas.android.com/apk/res/android"
3    package="com.example.villive"
4    android:versionCode="1"
5    android:versionName="1.0" >
6
7    <uses-sdk
8        android:minSdkVersion="24"
9        android:targetSdkVersion="34" />
10
11    <uses-permission android:name="android.permission.READ_EXTERNAL_STORAGE" />
11-->src\main\AndroidManifest.xml:5:5-80
11-->src\main\AndroidManifest.xml:5:22-77
12
13    <permission
13-->[androidx.core:core:1.12.0] AndroidManifest.xml:22:5-24:47
14        android:name="com.example.villive.DYNAMIC_RECEIVER_NOT_EXPORTED_PERMISSION"
14-->[androidx.core:core:1.12.0] AndroidManifest.xml:23:9-81
15        android:protectionLevel="signature" />
15-->[androidx.core:core:1.12.0] AndroidManifest.xml:24:9-44
16
17    <uses-permission android:name="com.example.villive.DYNAMIC_RECEIVER_NOT_EXPORTED_PERMISSION" /> <!-- 갤러리 접근 권한 추가 -->
17-->[androidx.core:core:1.12.0] AndroidManifest.xml:26:5-97
17-->[androidx.core:core:1.12.0] AndroidManifest.xml:26:22-94
18    <application
18-->src\main\AndroidManifest.xml:7:5-111:19
19        android:allowBackup="true"
19-->src\main\AndroidManifest.xml:8:9-35
20        android:appComponentFactory="androidx.core.app.CoreComponentFactory"
20-->[androidx.core:core:1.12.0] AndroidManifest.xml:28:18-86
21        android:dataExtractionRules="@xml/data_extraction_rules"
21-->src\main\AndroidManifest.xml:9:9-65
22        android:debuggable="true"
23        android:extractNativeLibs="false"
24        android:fullBackupContent="@xml/backup_rules"
24-->src\main\AndroidManifest.xml:10:9-54
25        android:icon="@mipmap/ic_launcher"
25-->src\main\AndroidManifest.xml:11:9-43
26        android:label="@string/app_name"
26-->src\main\AndroidManifest.xml:12:9-41
27        android:roundIcon="@mipmap/ic_launcher_round"
27-->src\main\AndroidManifest.xml:13:9-54
28        android:supportsRtl="true"
28-->src\main\AndroidManifest.xml:14:9-35
29        android:testOnly="true"
30        android:theme="@style/Theme.AppCompat" >
30-->src\main\AndroidManifest.xml:15:9-47
31        <activity
31-->src\main\AndroidManifest.xml:17:9-19:40
32            android:name="com.example.villive.User_SignPage.user_LogIn"
32-->src\main\AndroidManifest.xml:18:13-53
33            android:exported="false" />
33-->src\main\AndroidManifest.xml:19:13-37
34        <activity
34-->src\main\AndroidManifest.xml:20:9-22:40
35            android:name="com.example.villive.User_SignPage.user_BuildingAuth"
35-->src\main\AndroidManifest.xml:21:13-60
36            android:exported="false" />
36-->src\main\AndroidManifest.xml:22:13-37
37        <activity
37-->src\main\AndroidManifest.xml:23:9-25:40
38            android:name="com.example.villive.User_SignPage.user_SignUp"
38-->src\main\AndroidManifest.xml:24:13-54
39            android:exported="false" />
39-->src\main\AndroidManifest.xml:25:13-37
40        <activity
40-->src\main\AndroidManifest.xml:26:9-28:40
41            android:name="com.example.villive.MainActivity"
41-->src\main\AndroidManifest.xml:27:13-41
42            android:exported="false" />
42-->src\main\AndroidManifest.xml:28:13-37
43        <activity
43-->src\main\AndroidManifest.xml:29:9-31:40
44            android:name="com.example.villive.Community.Community_NoticeTab"
44-->src\main\AndroidManifest.xml:30:13-58
45            android:exported="false" />
45-->src\main\AndroidManifest.xml:31:13-37
46        <activity
46-->src\main\AndroidManifest.xml:32:9-34:40
47            android:name="com.example.villive.Community_Write.Post_Club"
47-->src\main\AndroidManifest.xml:33:13-54
48            android:exported="false" />
48-->src\main\AndroidManifest.xml:34:13-37
49        <activity
49-->src\main\AndroidManifest.xml:35:9-37:40
50            android:name="com.example.villive.Community_Write.Post_Share"
50-->src\main\AndroidManifest.xml:36:13-55
51            android:exported="false" />
51-->src\main\AndroidManifest.xml:37:13-37
52        <activity
52-->src\main\AndroidManifest.xml:38:9-40:40
53            android:name="com.example.villive.Community_Write.Post_Complain"
53-->src\main\AndroidManifest.xml:39:13-58
54            android:exported="false" />
54-->src\main\AndroidManifest.xml:40:13-37
55        <activity
55-->src\main\AndroidManifest.xml:41:9-43:40
56            android:name="com.example.villive.Community_Write.Post_Purchase"
56-->src\main\AndroidManifest.xml:42:13-58
57            android:exported="false" />
57-->src\main\AndroidManifest.xml:43:13-37
58        <activity
58-->src\main\AndroidManifest.xml:44:9-46:40
59            android:name="com.example.villive.Community_Write.Post_Group"
59-->src\main\AndroidManifest.xml:45:13-55
60            android:exported="false" />
60-->src\main\AndroidManifest.xml:46:13-37
61        <activity
61-->src\main\AndroidManifest.xml:47:9-49:40
62            android:name="com.example.villive.Community.Complain_status"
62-->src\main\AndroidManifest.xml:48:13-54
63            android:exported="false" />
63-->src\main\AndroidManifest.xml:49:13-37
64        <activity
64-->src\main\AndroidManifest.xml:50:9-52:40
65            android:name="com.example.villive.Community.Community_Purchase"
65-->src\main\AndroidManifest.xml:51:13-57
66            android:exported="false" />
66-->src\main\AndroidManifest.xml:52:13-37
67        <activity
67-->src\main\AndroidManifest.xml:53:9-55:40
68            android:name="com.example.villive.Community.Community_Club"
68-->src\main\AndroidManifest.xml:54:13-53
69            android:exported="false" />
69-->src\main\AndroidManifest.xml:55:13-37
70        <activity
70-->src\main\AndroidManifest.xml:56:9-58:40
71            android:name="com.example.villive.Community.Community_Complain"
71-->src\main\AndroidManifest.xml:57:13-57
72            android:exported="false" />
72-->src\main\AndroidManifest.xml:58:13-37
73        <activity
73-->src\main\AndroidManifest.xml:59:9-61:40
74            android:name="com.example.villive.Community.Community_Share"
74-->src\main\AndroidManifest.xml:60:13-54
75            android:exported="false" />
75-->src\main\AndroidManifest.xml:61:13-37
76        <activity
76-->src\main\AndroidManifest.xml:62:9-64:40
77            android:name="com.example.villive.Community.Community_Group"
77-->src\main\AndroidManifest.xml:63:13-54
78            android:exported="false" />
78-->src\main\AndroidManifest.xml:64:13-37
79        <activity
79-->src\main\AndroidManifest.xml:65:9-67:40
80            android:name="com.example.villive.Community.Community"
80-->src\main\AndroidManifest.xml:66:13-48
81            android:exported="false" />
81-->src\main\AndroidManifest.xml:67:13-37
82        <activity
82-->src\main\AndroidManifest.xml:68:9-70:40
83            android:name="com.example.villive.ConfigurationPage.PasswordChangeActivity"
83-->src\main\AndroidManifest.xml:69:13-69
84            android:exported="false" />
84-->src\main\AndroidManifest.xml:70:13-37
85        <activity
85-->src\main\AndroidManifest.xml:71:9-73:40
86            android:name="com.example.villive.ConfigurationPage.AlarmActivity"
86-->src\main\AndroidManifest.xml:72:13-60
87            android:exported="false" />
87-->src\main\AndroidManifest.xml:73:13-37
88        <activity
88-->src\main\AndroidManifest.xml:74:9-76:40
89            android:name="com.example.villive.ConfigurationPage.ProfileSetupActivity"
89-->src\main\AndroidManifest.xml:75:13-67
90            android:exported="false" />
90-->src\main\AndroidManifest.xml:76:13-37
91        <activity
91-->src\main\AndroidManifest.xml:77:9-79:40
92            android:name="com.example.villive.ConfigurationPage.UnregisterActivity"
92-->src\main\AndroidManifest.xml:78:13-65
93            android:exported="false" />
93-->src\main\AndroidManifest.xml:79:13-37
94        <activity
94-->src\main\AndroidManifest.xml:80:9-90:20
95            android:name="com.example.villive.User_SignPage.StartPage"
95-->src\main\AndroidManifest.xml:81:13-52
96            android:exported="true"
96-->src\main\AndroidManifest.xml:82:13-36
97            android:label="@string/app_name"
97-->src\main\AndroidManifest.xml:83:13-45
98            android:theme="@style/Theme.AppCompat" >
98-->src\main\AndroidManifest.xml:84:13-51
99            <intent-filter>
99-->src\main\AndroidManifest.xml:85:13-89:29
100                <action android:name="android.intent.action.MAIN" />
100-->src\main\AndroidManifest.xml:86:17-69
100-->src\main\AndroidManifest.xml:86:25-66
101
102                <category android:name="android.intent.category.LAUNCHER" />
102-->src\main\AndroidManifest.xml:88:17-77
102-->src\main\AndroidManifest.xml:88:27-74
103            </intent-filter>
104        </activity>
105        <activity
105-->src\main\AndroidManifest.xml:91:9-95:52
106            android:name="com.example.villive.SettingActivity"
106-->src\main\AndroidManifest.xml:92:13-44
107            android:exported="false"
107-->src\main\AndroidManifest.xml:93:13-37
108            android:label="@string/title_activity_setting"
108-->src\main\AndroidManifest.xml:94:13-59
109            android:theme="@style/Theme.Villive" />
109-->src\main\AndroidManifest.xml:95:13-49
110        <activity
110-->src\main\AndroidManifest.xml:96:9-100:52
111            android:name="com.example.villive.ManagementActivity"
111-->src\main\AndroidManifest.xml:97:13-47
112            android:exported="false"
112-->src\main\AndroidManifest.xml:98:13-37
113            android:label="@string/title_activity_management"
113-->src\main\AndroidManifest.xml:99:13-62
114            android:theme="@style/Theme.Villive" />
114-->src\main\AndroidManifest.xml:100:13-49
115        <activity
115-->src\main\AndroidManifest.xml:101:9-105:52
116            android:name="com.example.villive.ChattingActivity"
116-->src\main\AndroidManifest.xml:102:13-45
117            android:exported="false"
117-->src\main\AndroidManifest.xml:103:13-37
118            android:label="@string/title_activity_chatting"
118-->src\main\AndroidManifest.xml:104:13-60
119            android:theme="@style/Theme.Villive" />
119-->src\main\AndroidManifest.xml:105:13-49
120        <activity
120-->src\main\AndroidManifest.xml:106:9-110:52
121            android:name="com.example.villive.HomeActivity"
121-->src\main\AndroidManifest.xml:107:13-41
122            android:exported="false"
122-->src\main\AndroidManifest.xml:108:13-37
123            android:label="@string/title_activity_home"
123-->src\main\AndroidManifest.xml:109:13-56
124            android:theme="@style/Theme.Villive" />
124-->src\main\AndroidManifest.xml:110:13-49
125        <activity
125-->[androidx.compose.ui:ui-tooling-android:1.5.0] AndroidManifest.xml:23:9-25:39
126            android:name="androidx.compose.ui.tooling.PreviewActivity"
126-->[androidx.compose.ui:ui-tooling-android:1.5.0] AndroidManifest.xml:24:13-71
127            android:exported="true" />
127-->[androidx.compose.ui:ui-tooling-android:1.5.0] AndroidManifest.xml:25:13-36
128        <activity
128-->[androidx.compose.ui:ui-test-manifest:1.5.0] AndroidManifest.xml:23:9-25:39
129            android:name="androidx.activity.ComponentActivity"
129-->[androidx.compose.ui:ui-test-manifest:1.5.0] AndroidManifest.xml:24:13-63
130            android:exported="true" />
130-->[androidx.compose.ui:ui-test-manifest:1.5.0] AndroidManifest.xml:25:13-36
131
132        <provider
132-->[androidx.emoji2:emoji2:1.4.0] AndroidManifest.xml:24:9-32:20
133            android:name="androidx.startup.InitializationProvider"
133-->[androidx.emoji2:emoji2:1.4.0] AndroidManifest.xml:25:13-67
134            android:authorities="com.example.villive.androidx-startup"
134-->[androidx.emoji2:emoji2:1.4.0] AndroidManifest.xml:26:13-68
135            android:exported="false" >
135-->[androidx.emoji2:emoji2:1.4.0] AndroidManifest.xml:27:13-37
136            <meta-data
136-->[androidx.emoji2:emoji2:1.4.0] AndroidManifest.xml:29:13-31:52
137                android:name="androidx.emoji2.text.EmojiCompatInitializer"
137-->[androidx.emoji2:emoji2:1.4.0] AndroidManifest.xml:30:17-75
138                android:value="androidx.startup" />
138-->[androidx.emoji2:emoji2:1.4.0] AndroidManifest.xml:31:17-49
139            <meta-data
139-->[androidx.lifecycle:lifecycle-process:2.7.0] AndroidManifest.xml:29:13-31:52
140                android:name="androidx.lifecycle.ProcessLifecycleInitializer"
140-->[androidx.lifecycle:lifecycle-process:2.7.0] AndroidManifest.xml:30:17-78
141                android:value="androidx.startup" />
141-->[androidx.lifecycle:lifecycle-process:2.7.0] AndroidManifest.xml:31:17-49
142            <meta-data
142-->[androidx.profileinstaller:profileinstaller:1.3.0] AndroidManifest.xml:29:13-31:52
143                android:name="androidx.profileinstaller.ProfileInstallerInitializer"
143-->[androidx.profileinstaller:profileinstaller:1.3.0] AndroidManifest.xml:30:17-85
144                android:value="androidx.startup" />
144-->[androidx.profileinstaller:profileinstaller:1.3.0] AndroidManifest.xml:31:17-49
145        </provider>
146
147        <receiver
147-->[androidx.profileinstaller:profileinstaller:1.3.0] AndroidManifest.xml:34:9-52:20
148            android:name="androidx.profileinstaller.ProfileInstallReceiver"
148-->[androidx.profileinstaller:profileinstaller:1.3.0] AndroidManifest.xml:35:13-76
149            android:directBootAware="false"
149-->[androidx.profileinstaller:profileinstaller:1.3.0] AndroidManifest.xml:36:13-44
150            android:enabled="true"
150-->[androidx.profileinstaller:profileinstaller:1.3.0] AndroidManifest.xml:37:13-35
151            android:exported="true"
151-->[androidx.profileinstaller:profileinstaller:1.3.0] AndroidManifest.xml:38:13-36
152            android:permission="android.permission.DUMP" >
152-->[androidx.profileinstaller:profileinstaller:1.3.0] AndroidManifest.xml:39:13-57
153            <intent-filter>
153-->[androidx.profileinstaller:profileinstaller:1.3.0] AndroidManifest.xml:40:13-42:29
154                <action android:name="androidx.profileinstaller.action.INSTALL_PROFILE" />
154-->[androidx.profileinstaller:profileinstaller:1.3.0] AndroidManifest.xml:41:17-91
154-->[androidx.profileinstaller:profileinstaller:1.3.0] AndroidManifest.xml:41:25-88
155            </intent-filter>
156            <intent-filter>
156-->[androidx.profileinstaller:profileinstaller:1.3.0] AndroidManifest.xml:43:13-45:29
157                <action android:name="androidx.profileinstaller.action.SKIP_FILE" />
157-->[androidx.profileinstaller:profileinstaller:1.3.0] AndroidManifest.xml:44:17-85
157-->[androidx.profileinstaller:profileinstaller:1.3.0] AndroidManifest.xml:44:25-82
158            </intent-filter>
159            <intent-filter>
159-->[androidx.profileinstaller:profileinstaller:1.3.0] AndroidManifest.xml:46:13-48:29
160                <action android:name="androidx.profileinstaller.action.SAVE_PROFILE" />
160-->[androidx.profileinstaller:profileinstaller:1.3.0] AndroidManifest.xml:47:17-88
160-->[androidx.profileinstaller:profileinstaller:1.3.0] AndroidManifest.xml:47:25-85
161            </intent-filter>
162            <intent-filter>
162-->[androidx.profileinstaller:profileinstaller:1.3.0] AndroidManifest.xml:49:13-51:29
163                <action android:name="androidx.profileinstaller.action.BENCHMARK_OPERATION" />
163-->[androidx.profileinstaller:profileinstaller:1.3.0] AndroidManifest.xml:50:17-95
163-->[androidx.profileinstaller:profileinstaller:1.3.0] AndroidManifest.xml:50:25-92
164            </intent-filter>
165        </receiver>
166    </application>
167
168</manifest>